<?xml version="1.0" encoding="UTF-8"?>
<testsuite xmlns:xsi="http://www.w3.org/2001/XMLSchema-instance" xsi:noNamespaceSchemaLocation="https://maven.apache.org/surefire/maven-surefire-plugin/xsd/surefire-test-report-3.0.xsd" version="3.0" name="br.com.fiap.gere.residuo.service.discovery.MsApplicationTests" time="5.126" tests="1" errors="0" skipped="0" failures="0">
  <properties>
[...]
</properties>
  <testcase name="contextLoads" classname="br.com.fiap.gere.residuo.service.discovery.MsApplicationTests" time="0.809">
    <system-out><![CDATA[Standard Commons Logging discovery in action with spring-jcl: please remove commons-logging.jar from classpath in order to avoid potential conflicts
22:27:07.524 [main] INFO org.springframework.test.context.support.AnnotationConfigContextLoaderUtils -- Could not detect default configuration classes for test class [br.com.fiap.gere.residuo.service.discovery.MsApplicationTests]: MsApplicationTests does not declare any static, non-private, non-final, nested classes annotated with @Configuration.
22:27:07.640 [main] INFO org.springframework.boot.test.context.SpringBootTestContextBootstrapper -- Found @SpringBootConfiguration br.com.fiap.gere.residuo.service.discovery.MsApplication for test class br.com.fiap.gere.residuo.service.discovery.MsApplicationTests

  .   ____          _            __ _ _
 /\\ / ___'_ __ _ _(_)_ __  __ _ \ \ \ \
( ( )\___ | '_ | '_| | '_ \/ _` | \ \ \ \
 \\/  ___)| |_)| | | | | || (_| |  ) ) ) )
  '  |____| .__|_| |_|_| |_\__, | / / / /
 =========|_|==============|___/=/_/_/_/
 :: Spring Boot ::                (v3.2.5)

2024-05-04T22:27:08.136-03:00  INFO 24024 --- [service.discovery] [           main] b.c.f.g.r.s.d.MsApplicationTests         : Starting MsApplicationTests using Java 21.0.2 with PID 24024 (started by Pedro Ferrarezzo in C:\Users\User\OneDrive\Documentos\FIAP - DEV\ATIVIDADES\Segundo Ano\Fase 3\Cap 8\entrega_final\service-discovery)
2024-05-04T22:27:08.138-03:00  INFO 24024 --- [service.discovery] [           main] b.c.f.g.r.s.d.MsApplicationTests         : No active profile set, falling back to 1 default profile: "default"
2024-05-04T22:27:09.386-03:00  INFO 24024 --- [service.discovery] [           main] o.s.cloud.context.scope.GenericScope     : BeanFactory id=41170d3b-73fc-31ef-85a7-b4d795e60605
2024-05-04T22:27:09.475-03:00  WARN 24024 --- [service.discovery] [           main] trationDelegate$BeanPostProcessorChecker : Bean 'org.springframework.cloud.client.loadbalancer.LoadBalancerAutoConfiguration$DeferringLoadBalancerInterceptorConfig' of type [org.springframework.cloud.client.loadbalancer.LoadBalancerAutoConfiguration$DeferringLoadBalancerInterceptorConfig] is not eligible for getting processed by all BeanPostProcessors (for example: not eligible for auto-proxying). The currently created BeanPostProcessor [lbRestClientPostProcessor] is declared through a non-static factory method on that class; consider declaring it as static instead.
2024-05-04T22:27:09.478-03:00  WARN 24024 --- [service.discovery] [           main] trationDelegate$BeanPostProcessorChecker : Bean 'deferringLoadBalancerInterceptor' of type [org.springframework.cloud.client.loadbalancer.DeferringLoadBalancerInterceptor] is not eligible for getting processed by all BeanPostProcessors (for example: not eligible for auto-proxying). Is this bean getting eagerly injected into a currently created BeanPostProcessor [lbRestClientPostProcessor]? Check the corresponding BeanPostProcessor declaration and its dependencies.
2024-05-04T22:27:10.751-03:00  WARN 24024 --- [service.discovery] [           main] iguration$LoadBalancerCaffeineWarnLogger : Spring Cloud LoadBalancer is currently working with the default cache. While this cache implementation is useful for development and tests, it's recommended to use Caffeine cache in production.You can switch to using Caffeine cache, by adding it and org.springframework.cache.caffeine.CaffeineCacheManager to the classpath.
2024-05-04T22:27:10.991-03:00  INFO 24024 --- [service.discovery] [           main] o.s.c.n.eureka.InstanceInfoFactory       : Setting initial instance status as: STARTING
2024-05-04T22:27:11.029-03:00  INFO 24024 --- [service.discovery] [           main] com.netflix.discovery.DiscoveryClient    : Initializing Eureka in region us-east-1
2024-05-04T22:27:11.032-03:00  INFO 24024 --- [service.discovery] [           main] com.netflix.discovery.DiscoveryClient    : Client configured to neither register nor query for data.
2024-05-04T22:27:11.042-03:00  INFO 24024 --- [service.discovery] [           main] com.netflix.discovery.DiscoveryClient    : Discovery Client initialized at timestamp 1714872431041 with initial instances count: 0
2024-05-04T22:27:11.095-03:00  INFO 24024 --- [service.discovery] [           main] c.n.eureka.DefaultEurekaServerContext    : Initializing ...
2024-05-04T22:27:11.097-03:00  INFO 24024 --- [service.discovery] [           main] c.n.eureka.cluster.PeerEurekaNodes       : Adding new peer nodes [http://localhost:5050/eureka/]
2024-05-04T22:27:11.274-03:00  INFO 24024 --- [service.discovery] [           main] c.n.d.provider.DiscoveryJerseyProvider   : Using JSON encoding codec LegacyJacksonJson
2024-05-04T22:27:11.274-03:00  INFO 24024 --- [service.discovery] [           main] c.n.d.provider.DiscoveryJerseyProvider   : Using JSON decoding codec LegacyJacksonJson
2024-05-04T22:27:11.275-03:00  INFO 24024 --- [service.discovery] [           main] c.n.d.provider.DiscoveryJerseyProvider   : Using XML encoding codec XStreamXml
2024-05-04T22:27:11.275-03:00  INFO 24024 --- [service.discovery] [           main] c.n.d.provider.DiscoveryJerseyProvider   : Using XML decoding codec XStreamXml
2024-05-04T22:27:11.437-03:00  INFO 24024 --- [service.discovery] [           main] c.n.eureka.cluster.PeerEurekaNodes       : Replica node URL:  http://localhost:5050/eureka/
2024-05-04T22:27:11.443-03:00  INFO 24024 --- [service.discovery] [           main] c.n.e.registry.AbstractInstanceRegistry  : Finished initializing remote region registries. All known remote regions: []
2024-05-04T22:27:11.444-03:00  INFO 24024 --- [service.discovery] [           main] c.n.eureka.DefaultEurekaServerContext    : Initialized
2024-05-04T22:27:11.526-03:00  INFO 24024 --- [service.discovery] [           main] o.s.b.a.e.web.EndpointLinksResolver      : Exposing 1 endpoint(s) beneath base path '/actuator'
2024-05-04T22:27:11.576-03:00  INFO 24024 --- [service.discovery] [           main] o.s.c.n.e.s.EurekaServiceRegistry        : Registering application SERVICE.DISCOVERY with eureka with status UP
2024-05-04T22:27:11.588-03:00  INFO 24024 --- [service.discovery] [      Thread-10] o.s.c.n.e.server.EurekaServerBootstrap   : isAws returned false
2024-05-04T22:27:11.589-03:00  INFO 24024 --- [service.discovery] [      Thread-10] o.s.c.n.e.server.EurekaServerBootstrap   : Initialized server context
2024-05-04T22:27:11.589-03:00  INFO 24024 --- [service.discovery] [      Thread-10] c.n.e.r.PeerAwareInstanceRegistryImpl    : Got 1 instances from neighboring DS node
2024-05-04T22:27:11.589-03:00  INFO 24024 --- [service.discovery] [      Thread-10] c.n.e.r.PeerAwareInstanceRegistryImpl    : Renew threshold is: 1
2024-05-04T22:27:11.589-03:00  INFO 24024 --- [service.discovery] [      Thread-10] c.n.e.r.PeerAwareInstanceRegistryImpl    : Changing status to UP
2024-05-04T22:27:11.592-03:00  INFO 24024 --- [service.discovery] [           main] b.c.f.g.r.s.d.MsApplicationTests         : Started MsApplicationTests in 3.775 seconds (process running for 4.887)
2024-05-04T22:27:11.599-03:00  INFO 24024 --- [service.discovery] [      Thread-10] e.s.EurekaServerInitializerConfiguration : Started Eureka Server
]]></system-out>
    <system-err><![CDATA[WARNING: A Java agent has been loaded dynamically (C:\Users\User\.m2\repository\net\bytebuddy\byte-buddy-agent\1.14.13\byte-buddy-agent-1.14.13.jar)
WARNING: If a serviceability tool is in use, please run with -XX:+EnableDynamicAgentLoading to hide this warning
WARNING: If a serviceability tool is not in use, please run with -Djdk.instrument.traceUsage for more information
WARNING: Dynamic loading of agents will be disallowed by default in a future release
]]></system-err>
  </testcase>
</testsuite>